<?xml version="1.0" encoding="UTF-8"?>
<!-- Generated by org.testng.reporters.JUnitXMLReporter -->
<testsuite ignored="0" hostname="altius-HP-ProBook-440-G5" failures="2" tests="3" name="Test" time="27.771" errors="0" timestamp="2026-09-04T12:42:16 IST">
  <testcase classname="testcase.TC_01" name="MakeAppointment" time="11.936"/>
  <testcase classname="testcase.TC_02" name="Buyclothes" time="0.277">
    <failure type="java.lang.AssertionError" message="Login failed: Epic sadface: Username and password do not match any user in this service">
      <![CDATA[java.lang.AssertionError: Login failed: Epic sadface: Username and password do not match any user in this service
at Pages.login.verifyLoginSuccessful(login.java:37)
at testcase.TC_02.Buyclothes(TC_02.java:35)
at java.base/java.util.ArrayList.forEach(ArrayList.java:1511)
... Removed 28 stack frames]]>
    </failure>
  </testcase> <!-- Buyclothes -->
  <testcase classname="testcase.TC_03" name="MakeAppointment" time="11.574">
    <failure type="java.lang.AssertionError" message="Required failed: Error: First Name is required">
      <![CDATA[java.lang.AssertionError: Required failed: Error: First Name is required
at Pages.SelectItem.RequiredDetails(SelectItem.java:73)
at testcase.TC_03.MakeAppointment(TC_03.java:68)
at java.base/java.util.ArrayList.forEach(ArrayList.java:1511)
... Removed 28 stack frames]]>
    </failure>
  </testcase> <!-- MakeAppointment -->
</testsuite> <!-- Test -->
