<?xml version="1.0" encoding="UTF-8"?>
<testng-results ignored="0" total="3" passed="1" failed="2" skipped="0">
  <reporter-output>
  </reporter-output>
  <suite started-at="2026-09-04T13:21:26 IST" name="Suite" finished-at="2026-09-04T13:21:45 IST" duration-ms="19253">
    <groups>
    </groups>
    <test started-at="2026-09-04T13:21:26 IST" name="Test" finished-at="2026-09-04T13:21:45 IST" duration-ms="19253">
      <class name="testcase.TC_03">
        <test-method is-config="true" signature="setup()[pri:0, instance:testcase.TC_03@24569dba]" started-at="2026-09-04T13:21:42 IST" name="setup" finished-at="2026-09-04T13:21:43 IST" duration-ms="1190" status="PASS">
          <reporter-output>
          </reporter-output>
        </test-method> <!-- setup -->
        <test-method signature="MakeAppointment()[pri:0, instance:testcase.TC_03@24569dba]" started-at="2026-09-04T13:21:43 IST" name="MakeAppointment" finished-at="2026-09-04T13:21:44 IST" duration-ms="1619" status="FAIL">
          <exception class="java.lang.AssertionError">
            <message>
              <![CDATA[Required failed: Error: First Name is required]]>
            </message>
            <full-stacktrace>
              <![CDATA[java.lang.AssertionError: Required failed: Error: First Name is required
at org.testng.Assert.fail(Assert.java:111)
at Pages.SelectItem.RequiredDetails(SelectItem.java:73)
at testcase.TC_03.MakeAppointment(TC_03.java:68)
at java.base/jdk.internal.reflect.DirectMethodHandleAccessor.invoke(DirectMethodHandleAccessor.java:103)
at java.base/java.lang.reflect.Method.invoke(Method.java:580)
at org.testng.internal.invokers.MethodInvocationHelper.invokeMethod(MethodInvocationHelper.java:141)
at org.testng.internal.invokers.TestInvoker.invokeMethod(TestInvoker.java:697)
at org.testng.internal.invokers.TestInvoker.invokeTestMethod(TestInvoker.java:230)
at org.testng.internal.invokers.MethodRunner.runInSequence(MethodRunner.java:63)
at org.testng.internal.invokers.TestInvoker$MethodInvocationAgent.invoke(TestInvoker.java:1005)
at org.testng.internal.invokers.TestInvoker.invokeTestMethods(TestInvoker.java:203)
at org.testng.internal.invokers.TestMethodWorker.invokeTestMethods(TestMethodWorker.java:154)
at org.testng.internal.invokers.TestMethodWorker.run(TestMethodWorker.java:134)
at java.base/java.util.ArrayList.forEach(ArrayList.java:1596)
at org.testng.TestRunner.privateRun(TestRunner.java:744)
at org.testng.TestRunner.run(TestRunner.java:616)
at org.testng.SuiteRunner.runTest(SuiteRunner.java:421)
at org.testng.SuiteRunner.runSequentially(SuiteRunner.java:413)
at org.testng.SuiteRunner.privateRun(SuiteRunner.java:373)
at org.testng.SuiteRunner.run(SuiteRunner.java:312)
at org.testng.SuiteRunnerWorker.runSuite(SuiteRunnerWorker.java:52)
at org.testng.SuiteRunnerWorker.run(SuiteRunnerWorker.java:95)
at org.testng.TestNG.runSuitesSequentially(TestNG.java:1274)
at org.testng.TestNG.runSuitesLocally(TestNG.java:1208)
at org.testng.TestNG.runSuites(TestNG.java:1112)
at org.testng.TestNG.run(TestNG.java:1079)
at org.apache.maven.surefire.testng.TestNGExecutor.run(TestNGExecutor.java:308)
at org.apache.maven.surefire.testng.TestNGXmlTestSuite.execute(TestNGXmlTestSuite.java:71)
at org.apache.maven.surefire.testng.TestNGProvider.invoke(TestNGProvider.java:113)
at org.apache.maven.surefire.booter.ForkedBooter.runSuitesInProcess(ForkedBooter.java:385)
at org.apache.maven.surefire.booter.ForkedBooter.execute(ForkedBooter.java:162)
at org.apache.maven.surefire.booter.ForkedBooter.run(ForkedBooter.java:507)
at org.apache.maven.surefire.booter.ForkedBooter.main(ForkedBooter.java:495)
]]>
            </full-stacktrace>
          </exception> <!-- java.lang.AssertionError -->
          <reporter-output>
          </reporter-output>
        </test-method> <!-- MakeAppointment -->
        <test-method is-config="true" signature="close()[pri:0, instance:testcase.TC_03@24569dba]" started-at="2026-09-04T13:21:45 IST" name="close" finished-at="2026-09-04T13:21:45 IST" duration-ms="72" status="PASS">
          <reporter-output>
          </reporter-output>
        </test-method> <!-- close -->
      </class> <!-- testcase.TC_03 -->
      <class name="testcase.TC_02">
        <test-method is-config="true" signature="setup()[pri:0, instance:testcase.TC_02@8462f31]" started-at="2026-09-04T13:21:40 IST" name="setup" finished-at="2026-09-04T13:21:41 IST" duration-ms="1183" status="PASS">
          <reporter-output>
          </reporter-output>
        </test-method> <!-- setup -->
        <test-method signature="Buyclothes()[pri:0, instance:testcase.TC_02@8462f31]" started-at="2026-09-04T13:21:41 IST" name="Buyclothes" finished-at="2026-09-04T13:21:41 IST" duration-ms="323" status="FAIL">
          <exception class="java.lang.AssertionError">
            <message>
              <![CDATA[Login failed: Epic sadface: Username and password do not match any user in this service]]>
            </message>
            <full-stacktrace>
              <![CDATA[java.lang.AssertionError: Login failed: Epic sadface: Username and password do not match any user in this service
at org.testng.Assert.fail(Assert.java:111)
at Pages.login.verifyLoginSuccessful(login.java:37)
at testcase.TC_02.Buyclothes(TC_02.java:35)
at java.base/jdk.internal.reflect.DirectMethodHandleAccessor.invoke(DirectMethodHandleAccessor.java:103)
at java.base/java.lang.reflect.Method.invoke(Method.java:580)
at org.testng.internal.invokers.MethodInvocationHelper.invokeMethod(MethodInvocationHelper.java:141)
at org.testng.internal.invokers.TestInvoker.invokeMethod(TestInvoker.java:697)
at org.testng.internal.invokers.TestInvoker.invokeTestMethod(TestInvoker.java:230)
at org.testng.internal.invokers.MethodRunner.runInSequence(MethodRunner.java:63)
at org.testng.internal.invokers.TestInvoker$MethodInvocationAgent.invoke(TestInvoker.java:1005)
at org.testng.internal.invokers.TestInvoker.invokeTestMethods(TestInvoker.java:203)
at org.testng.internal.invokers.TestMethodWorker.invokeTestMethods(TestMethodWorker.java:154)
at org.testng.internal.invokers.TestMethodWorker.run(TestMethodWorker.java:134)
at java.base/java.util.ArrayList.forEach(ArrayList.java:1596)
at org.testng.TestRunner.privateRun(TestRunner.java:744)
at org.testng.TestRunner.run(TestRunner.java:616)
at org.testng.SuiteRunner.runTest(SuiteRunner.java:421)
at org.testng.SuiteRunner.runSequentially(SuiteRunner.java:413)
at org.testng.SuiteRunner.privateRun(SuiteRunner.java:373)
at org.testng.SuiteRunner.run(SuiteRunner.java:312)
at org.testng.SuiteRunnerWorker.runSuite(SuiteRunnerWorker.java:52)
at org.testng.SuiteRunnerWorker.run(SuiteRunnerWorker.java:95)
at org.testng.TestNG.runSuitesSequentially(TestNG.java:1274)
at org.testng.TestNG.runSuitesLocally(TestNG.java:1208)
at org.testng.TestNG.runSuites(TestNG.java:1112)
at org.testng.TestNG.run(TestNG.java:1079)
at org.apache.maven.surefire.testng.TestNGExecutor.run(TestNGExecutor.java:308)
at org.apache.maven.surefire.testng.TestNGXmlTestSuite.execute(TestNGXmlTestSuite.java:71)
at org.apache.maven.surefire.testng.TestNGProvider.invoke(TestNGProvider.java:113)
at org.apache.maven.surefire.booter.ForkedBooter.runSuitesInProcess(ForkedBooter.java:385)
at org.apache.maven.surefire.booter.ForkedBooter.execute(ForkedBooter.java:162)
at org.apache.maven.surefire.booter.ForkedBooter.run(ForkedBooter.java:507)
at org.apache.maven.surefire.booter.ForkedBooter.main(ForkedBooter.java:495)
]]>
            </full-stacktrace>
          </exception> <!-- java.lang.AssertionError -->
          <reporter-output>
          </reporter-output>
        </test-method> <!-- Buyclothes -->
        <test-method is-config="true" signature="close()[pri:0, instance:testcase.TC_02@8462f31]" started-at="2026-09-04T13:21:42 IST" name="close" finished-at="2026-09-04T13:21:42 IST" duration-ms="71" status="PASS">
          <reporter-output>
          </reporter-output>
        </test-method> <!-- close -->
      </class> <!-- testcase.TC_02 -->
      <class name="testcase.TC_01">
        <test-method is-config="true" signature="setup()[pri:0, instance:testcase.TC_01@75437611]" started-at="2026-09-04T13:21:26 IST" name="setup" finished-at="2026-09-04T13:21:27 IST" duration-ms="1822" status="PASS">
          <reporter-output>
          </reporter-output>
        </test-method> <!-- setup -->
        <test-method signature="MakeAppointment()[pri:0, instance:testcase.TC_01@75437611]" started-at="2026-09-04T13:21:27 IST" name="MakeAppointment" finished-at="2026-09-04T13:21:40 IST" duration-ms="12233" status="PASS">
          <reporter-output>
          </reporter-output>
        </test-method> <!-- MakeAppointment -->
        <test-method is-config="true" signature="close()[pri:0, instance:testcase.TC_01@75437611]" started-at="2026-09-04T13:21:40 IST" name="close" finished-at="2026-09-04T13:21:40 IST" duration-ms="82" status="PASS">
          <reporter-output>
          </reporter-output>
        </test-method> <!-- close -->
      </class> <!-- testcase.TC_01 -->
    </test> <!-- Test -->
  </suite> <!-- Suite -->
</testng-results>
