<?xml version="1.0" encoding="UTF-8"?>
<testng-results ignored="0" total="1" passed="1" failed="0" skipped="0">
  <reporter-output>
  </reporter-output>
  <suite started-at="2026-09-04T15:04:52 IST" name="Suite" finished-at="2026-09-04T15:05:06 IST" duration-ms="13677">
    <groups>
    </groups>
    <test started-at="2026-09-04T15:04:52 IST" name="Test" finished-at="2026-09-04T15:05:06 IST" duration-ms="13677">
      <class name="testcase.TC_01">
        <test-method is-config="true" signature="setup()[pri:0, instance:testcase.TC_01@712625fd]" started-at="2026-09-04T15:04:52 IST" name="setup" finished-at="2026-09-04T15:04:54 IST" duration-ms="1357" status="PASS">
          <reporter-output>
          </reporter-output>
        </test-method> <!-- setup -->
        <test-method signature="MakeAppointment()[pri:0, instance:testcase.TC_01@712625fd]" started-at="2026-09-04T15:04:54 IST" name="MakeAppointment" finished-at="2026-09-04T15:05:06 IST" duration-ms="12129" status="PASS">
          <reporter-output>
          </reporter-output>
        </test-method> <!-- MakeAppointment -->
        <test-method is-config="true" signature="close()[pri:0, instance:testcase.TC_01@712625fd]" started-at="2026-09-04T15:05:06 IST" name="close" finished-at="2026-09-04T15:05:06 IST" duration-ms="80" status="PASS">
          <reporter-output>
          </reporter-output>
        </test-method> <!-- close -->
      </class> <!-- testcase.TC_01 -->
    </test> <!-- Test -->
  </suite> <!-- Suite -->
</testng-results>
