<?xml version="1.0" encoding="UTF-8"?>
<testng-results ignored="0" total="1" passed="1" failed="0" skipped="0">
  <reporter-output>
  </reporter-output>
  <suite started-at="2026-09-04T15:02:22 IST" name="Suite" finished-at="2026-09-04T15:02:35 IST" duration-ms="13691">
    <groups>
    </groups>
    <test started-at="2026-09-04T15:02:22 IST" name="Test" finished-at="2026-09-04T15:02:35 IST" duration-ms="13691">
      <class name="testcase.TC_01">
        <test-method is-config="true" signature="setup()[pri:0, instance:testcase.TC_01@5ddeb7cb]" started-at="2026-09-04T15:02:22 IST" name="setup" finished-at="2026-09-04T15:02:23 IST" duration-ms="1298" status="PASS">
          <reporter-output>
          </reporter-output>
        </test-method> <!-- setup -->
        <test-method signature="MakeAppointment()[pri:0, instance:testcase.TC_01@5ddeb7cb]" started-at="2026-09-04T15:02:23 IST" name="MakeAppointment" finished-at="2026-09-04T15:02:35 IST" duration-ms="12152" status="PASS">
          <reporter-output>
          </reporter-output>
        </test-method> <!-- MakeAppointment -->
        <test-method is-config="true" signature="close()[pri:0, instance:testcase.TC_01@5ddeb7cb]" started-at="2026-09-04T15:02:35 IST" name="close" finished-at="2026-09-04T15:02:35 IST" duration-ms="98" status="PASS">
          <reporter-output>
          </reporter-output>
        </test-method> <!-- close -->
      </class> <!-- testcase.TC_01 -->
    </test> <!-- Test -->
  </suite> <!-- Suite -->
</testng-results>
