<?xml version="1.0" encoding="UTF-8"?>
<testng-results ignored="0" total="3" passed="1" failed="2" skipped="0">
  <reporter-output>
  </reporter-output>
  <suite started-at="2026-09-02T14:49:51 IST" name="Suite" finished-at="2026-09-02T14:50:22 IST" duration-ms="30629">
    <groups>
    </groups>
    <test started-at="2026-09-02T14:49:51 IST" name="Test" finished-at="2026-09-02T14:50:22 IST" duration-ms="30629">
      <class name="testcase.TC_03">
        <test-method is-config="true" signature="setup()[pri:0, instance:testcase.TC_03@17bffc17]" started-at="2026-09-02T14:50:09 IST" name="setup" finished-at="2026-09-02T14:50:10 IST" duration-ms="1195" status="PASS">
          <reporter-output>
          </reporter-output>
        </test-method> <!-- setup -->
        <test-method signature="MakeAppointment()[pri:0, instance:testcase.TC_03@17bffc17]" started-at="2026-09-02T14:50:10 IST" name="MakeAppointment" finished-at="2026-09-02T14:50:22 IST" duration-ms="11794" status="FAIL">
          <exception class="java.lang.AssertionError">
            <message>
              <![CDATA[Required failed: Error: First Name is required]]>
            </message>
            <full-stacktrace>
              <![CDATA[java.lang.AssertionError: Required failed: Error: First Name is required
at org.testng.Assert.fail(Assert.java:111)
at Pages.SelectItem.RequiredDetails(SelectItem.java:73)
at testcase.TC_03.MakeAppointment(TC_03.java:68)
at java.base/jdk.internal.reflect.NativeMethodAccessorImpl.invoke0(Native Method)
at java.base/jdk.internal.reflect.NativeMethodAccessorImpl.invoke(NativeMethodAccessorImpl.java:77)
at java.base/jdk.internal.reflect.DelegatingMethodAccessorImpl.invoke(DelegatingMethodAccessorImpl.java:43)
at java.base/java.lang.reflect.Method.invoke(Method.java:569)
at org.testng.internal.invokers.MethodInvocationHelper.invokeMethod(MethodInvocationHelper.java:141)
at org.testng.internal.invokers.TestInvoker.invokeMethod(TestInvoker.java:687)
at org.testng.internal.invokers.TestInvoker.invokeTestMethod(TestInvoker.java:230)
at org.testng.internal.invokers.MethodRunner.runInSequence(MethodRunner.java:63)
at org.testng.internal.invokers.TestInvoker$MethodInvocationAgent.invoke(TestInvoker.java:995)
at org.testng.internal.invokers.TestInvoker.invokeTestMethods(TestInvoker.java:203)
at org.testng.internal.invokers.TestMethodWorker.invokeTestMethods(TestMethodWorker.java:154)
at org.testng.internal.invokers.TestMethodWorker.run(TestMethodWorker.java:134)
at java.base/java.util.ArrayList.forEach(ArrayList.java:1511)
at org.testng.TestRunner.privateRun(TestRunner.java:741)
at org.testng.TestRunner.run(TestRunner.java:616)
at org.testng.SuiteRunner.runTest(SuiteRunner.java:421)
at org.testng.SuiteRunner.runSequentially(SuiteRunner.java:413)
at org.testng.SuiteRunner.privateRun(SuiteRunner.java:373)
at org.testng.SuiteRunner.run(SuiteRunner.java:312)
at org.testng.SuiteRunnerWorker.runSuite(SuiteRunnerWorker.java:52)
at org.testng.SuiteRunnerWorker.run(SuiteRunnerWorker.java:95)
at org.testng.TestNG.runSuitesSequentially(TestNG.java:1274)
at org.testng.TestNG.runSuitesLocally(TestNG.java:1208)
at org.testng.TestNG.runSuites(TestNG.java:1112)
at org.testng.TestNG.run(TestNG.java:1079)
at org.testng.remote.AbstractRemoteTestNG.run(AbstractRemoteTestNG.java:115)
at org.testng.remote.RemoteTestNG.initAndRun(RemoteTestNG.java:293)
at org.testng.remote.RemoteTestNG.main(RemoteTestNG.java:91)
]]>
            </full-stacktrace>
          </exception> <!-- java.lang.AssertionError -->
          <reporter-output>
          </reporter-output>
        </test-method> <!-- MakeAppointment -->
        <test-method is-config="true" signature="close()[pri:0, instance:testcase.TC_03@17bffc17]" started-at="2026-09-02T14:50:22 IST" name="close" finished-at="2026-09-02T14:50:22 IST" duration-ms="75" status="PASS">
          <reporter-output>
          </reporter-output>
        </test-method> <!-- close -->
      </class> <!-- testcase.TC_03 -->
      <class name="testcase.TC_02">
        <test-method is-config="true" signature="setup()[pri:0, instance:testcase.TC_02@3cce5371]" started-at="2026-09-02T14:50:07 IST" name="setup" finished-at="2026-09-02T14:50:08 IST" duration-ms="1162" status="PASS">
          <reporter-output>
          </reporter-output>
        </test-method> <!-- setup -->
        <test-method signature="Buyclothes()[pri:0, instance:testcase.TC_02@3cce5371]" started-at="2026-09-02T14:50:08 IST" name="Buyclothes" finished-at="2026-09-02T14:50:08 IST" duration-ms="368" status="FAIL">
          <exception class="java.lang.AssertionError">
            <message>
              <![CDATA[Login failed: Epic sadface: Username and password do not match any user in this service]]>
            </message>
            <full-stacktrace>
              <![CDATA[java.lang.AssertionError: Login failed: Epic sadface: Username and password do not match any user in this service
at org.testng.Assert.fail(Assert.java:111)
at Pages.login.verifyLoginSuccessful(login.java:37)
at testcase.TC_02.Buyclothes(TC_02.java:35)
at java.base/jdk.internal.reflect.NativeMethodAccessorImpl.invoke0(Native Method)
at java.base/jdk.internal.reflect.NativeMethodAccessorImpl.invoke(NativeMethodAccessorImpl.java:77)
at java.base/jdk.internal.reflect.DelegatingMethodAccessorImpl.invoke(DelegatingMethodAccessorImpl.java:43)
at java.base/java.lang.reflect.Method.invoke(Method.java:569)
at org.testng.internal.invokers.MethodInvocationHelper.invokeMethod(MethodInvocationHelper.java:141)
at org.testng.internal.invokers.TestInvoker.invokeMethod(TestInvoker.java:687)
at org.testng.internal.invokers.TestInvoker.invokeTestMethod(TestInvoker.java:230)
at org.testng.internal.invokers.MethodRunner.runInSequence(MethodRunner.java:63)
at org.testng.internal.invokers.TestInvoker$MethodInvocationAgent.invoke(TestInvoker.java:995)
at org.testng.internal.invokers.TestInvoker.invokeTestMethods(TestInvoker.java:203)
at org.testng.internal.invokers.TestMethodWorker.invokeTestMethods(TestMethodWorker.java:154)
at org.testng.internal.invokers.TestMethodWorker.run(TestMethodWorker.java:134)
at java.base/java.util.ArrayList.forEach(ArrayList.java:1511)
at org.testng.TestRunner.privateRun(TestRunner.java:741)
at org.testng.TestRunner.run(TestRunner.java:616)
at org.testng.SuiteRunner.runTest(SuiteRunner.java:421)
at org.testng.SuiteRunner.runSequentially(SuiteRunner.java:413)
at org.testng.SuiteRunner.privateRun(SuiteRunner.java:373)
at org.testng.SuiteRunner.run(SuiteRunner.java:312)
at org.testng.SuiteRunnerWorker.runSuite(SuiteRunnerWorker.java:52)
at org.testng.SuiteRunnerWorker.run(SuiteRunnerWorker.java:95)
at org.testng.TestNG.runSuitesSequentially(TestNG.java:1274)
at org.testng.TestNG.runSuitesLocally(TestNG.java:1208)
at org.testng.TestNG.runSuites(TestNG.java:1112)
at org.testng.TestNG.run(TestNG.java:1079)
at org.testng.remote.AbstractRemoteTestNG.run(AbstractRemoteTestNG.java:115)
at org.testng.remote.RemoteTestNG.initAndRun(RemoteTestNG.java:293)
at org.testng.remote.RemoteTestNG.main(RemoteTestNG.java:91)
]]>
            </full-stacktrace>
          </exception> <!-- java.lang.AssertionError -->
          <reporter-output>
          </reporter-output>
        </test-method> <!-- Buyclothes -->
        <test-method is-config="true" signature="close()[pri:0, instance:testcase.TC_02@3cce5371]" started-at="2026-09-02T14:50:09 IST" name="close" finished-at="2026-09-02T14:50:09 IST" duration-ms="71" status="PASS">
          <reporter-output>
          </reporter-output>
        </test-method> <!-- close -->
      </class> <!-- testcase.TC_02 -->
      <class name="testcase.TC_01">
        <test-method is-config="true" signature="setup()[pri:0, instance:testcase.TC_01@61c4eee0]" started-at="2026-09-02T14:49:51 IST" name="setup" finished-at="2026-09-02T14:49:54 IST" duration-ms="2969" status="PASS">
          <reporter-output>
          </reporter-output>
        </test-method> <!-- setup -->
        <test-method signature="MakeAppointment()[pri:0, instance:testcase.TC_01@61c4eee0]" started-at="2026-09-02T14:49:54 IST" name="MakeAppointment" finished-at="2026-09-02T14:50:07 IST" duration-ms="12293" status="PASS">
          <reporter-output>
          </reporter-output>
        </test-method> <!-- MakeAppointment -->
        <test-method is-config="true" signature="close()[pri:0, instance:testcase.TC_01@61c4eee0]" started-at="2026-09-02T14:50:07 IST" name="close" finished-at="2026-09-02T14:50:07 IST" duration-ms="86" status="PASS">
          <reporter-output>
          </reporter-output>
        </test-method> <!-- close -->
      </class> <!-- testcase.TC_01 -->
    </test> <!-- Test -->
  </suite> <!-- Suite -->
</testng-results>
